<?xml version="1.0" encoding="UTF-8"?>
<!-- Generated by org.testng.reporters.JUnitReportReporter -->
<testsuite skipped="0" hostname="L-ILB-VADAKATTU" name="toDelete.BStack_test" tests="2" failures="0" timestamp="2020-06-14T17:50:14 IST" time="13.548" errors="0">
  <testcase name="t1" time="4.159" classname="toDelete.BStack_test"/>
  <testcase name="t2" time="9.389" classname="toDelete.BStack_test"/>
</testsuite> <!-- toDelete.BStack_test -->
