<?xml version="1.0" encoding="UTF-8"?>
<!-- Generated by org.testng.reporters.JUnitReportReporter -->
<testsuite skipped="0" hostname="L-ILB-VADAKATTU" name="toDelete.BStack_test2" tests="2" failures="0" timestamp="2020-06-15T13:27:25 IST" time="25.024" errors="0">
  <testcase name="t2Whatsapp" time="5.256" classname="toDelete.BStack_test2"/>
  <testcase name="t1Insta" time="19.768" classname="toDelete.BStack_test2"/>
</testsuite> <!-- toDelete.BStack_test2 -->
