<?xml version="1.0" encoding="UTF-8"?>
<!-- Generated by org.testng.reporters.JUnitReportReporter -->
<testsuite skipped="0" hostname="L-ILB-VADAKATTU" name="toDelete.BStack_test1" tests="2" failures="0" timestamp="2020-06-14T19:54:21 IST" time="13.939" errors="0">
  <testcase name="t1Google" time="4.209" classname="toDelete.BStack_test1"/>
  <testcase name="t2FB" time="9.730" classname="toDelete.BStack_test1"/>
</testsuite> <!-- toDelete.BStack_test1 -->
