<?xml version="1.0" encoding="UTF-8"?>
<!-- Generated by org.testng.reporters.JUnitReportReporter -->
<testsuite skipped="0" hostname="L-ILB-VADAKATTU" name="toDelete.BStack_test2" tests="2" failures="0" timestamp="2020-06-15T11:27:39 IST" time="6.400" errors="0">
  <testcase name="t2Whatsapp" time="2.975" classname="toDelete.BStack_test2"/>
  <testcase name="t1Insta" time="3.425" classname="toDelete.BStack_test2"/>
</testsuite> <!-- toDelete.BStack_test2 -->
