<?xml version="1.0" encoding="UTF-8"?>
<!-- Generated by org.testng.reporters.JUnitReportReporter -->
<testsuite skipped="0" hostname="L-ILB-VADAKATTU" name="toDelete.BStack_test1" tests="2" failures="0" timestamp="2020-06-14T20:10:07 IST" time="11.250" errors="0">
  <testcase name="t1Google" time="3.680" classname="toDelete.BStack_test1"/>
  <testcase name="t2FB" time="7.570" classname="toDelete.BStack_test1"/>
</testsuite> <!-- toDelete.BStack_test1 -->
