<?xml version="1.0" encoding="UTF-8"?>
<!-- Generated by org.testng.reporters.JUnitReportReporter -->
<testsuite skipped="0" hostname="L-ILB-VADAKATTU" name="toDelete.BStack_test1" tests="2" failures="0" timestamp="2020-06-14T19:07:16 IST" time="15.298" errors="0">
  <testcase name="t1Google" time="2.965" classname="toDelete.BStack_test1"/>
  <testcase name="t2FB" time="12.333" classname="toDelete.BStack_test1"/>
</testsuite> <!-- toDelete.BStack_test1 -->
