<?xml version="1.0" encoding="UTF-8"?>
<!-- Generated by org.testng.reporters.JUnitReportReporter -->
<testsuite skipped="0" hostname="L-ILB-VADAKATTU" name="toDelete.BStack_test" tests="2" failures="0" timestamp="2020-06-14T17:53:29 IST" time="9.166" errors="0">
  <testcase name="t1" time="3.783" classname="toDelete.BStack_test"/>
  <testcase name="t2" time="5.383" classname="toDelete.BStack_test"/>
</testsuite> <!-- toDelete.BStack_test -->
