<?xml version="1.0" encoding="UTF-8"?>
<!-- Generated by org.testng.reporters.JUnitReportReporter -->
<testsuite skipped="0" hostname="L-ILB-VADAKATTU" name="toDelete.BStack_test2" tests="2" failures="0" timestamp="2020-06-14T20:10:07 IST" time="7.341" errors="0">
  <testcase name="t2Whatsapp" time="3.194" classname="toDelete.BStack_test2"/>
  <testcase name="t1Insta" time="4.147" classname="toDelete.BStack_test2"/>
</testsuite> <!-- toDelete.BStack_test2 -->
