<?xml version="1.0" encoding="UTF-8"?>
<!-- Generated by org.testng.reporters.JUnitReportReporter -->
<testsuite skipped="0" hostname="L-ILB-VADAKATTU" name="toDelete.BStack_test2" tests="2" failures="0" timestamp="2020-06-15T13:18:31 IST" time="7.383" errors="0">
  <testcase name="t2Whatsapp" time="3.388" classname="toDelete.BStack_test2"/>
  <testcase name="t1Insta" time="3.995" classname="toDelete.BStack_test2"/>
</testsuite> <!-- toDelete.BStack_test2 -->
